<?xml version="1.0" encoding="UTF-8"?>
<coverage generated="1664985157683" clover="3.2.0">
  <project timestamp="1664985157684" name="All files">
    <metrics statements="28" coveredstatements="20" conditionals="10" coveredconditionals="5" methods="11" coveredmethods="8" elements="49" coveredelements="33" complexity="0" loc="28" ncloc="28" packages="1" files="4" classes="4"/>
    <file name="ToDoList.js" path="/home/hp/Public/microverse/Module 2/Projects/Individual/todo-list/modules/ToDoList.js">
      <metrics statements="14" coveredstatements="6" conditionals="6" coveredconditionals="3" methods="6" coveredmethods="3"/>
      <line num="6" count="0" type="stmt"/>
      <line num="7" count="0" type="stmt"/>
      <line num="8" count="0" type="stmt"/>
      <line num="13" count="0" type="stmt"/>
      <line num="14" count="0" type="stmt"/>
      <line num="15" count="0" type="stmt"/>
      <line num="20" count="0" type="stmt"/>
      <line num="25" count="4" type="cond" truecount="2" falsecount="0"/>
      <line num="32" count="1" type="stmt"/>
      <line num="33" count="1" type="stmt"/>
      <line num="34" count="0" type="stmt"/>
      <line num="36" count="1" type="stmt"/>
      <line num="41" count="2" type="stmt"/>
      <line num="44" count="2" type="stmt"/>
    </file>
    <file name="addTask.js" path="/home/hp/Public/microverse/Module 2/Projects/Individual/todo-list/modules/addTask.js">
      <metrics statements="4" coveredstatements="4" conditionals="0" coveredconditionals="0" methods="1" coveredmethods="1"/>
      <line num="3" count="1" type="stmt"/>
      <line num="5" count="1" type="stmt"/>
      <line num="7" count="1" type="stmt"/>
      <line num="9" count="1" type="stmt"/>
    </file>
    <file name="displayToDOList.js" path="/home/hp/Public/microverse/Module 2/Projects/Individual/todo-list/modules/displayToDOList.js">
      <metrics statements="3" coveredstatements="3" conditionals="4" coveredconditionals="2" methods="2" coveredmethods="2"/>
      <line num="2" count="3" type="stmt"/>
      <line num="4" count="1" type="stmt"/>
      <line num="44" count="3" type="stmt"/>
    </file>
    <file name="removeTask.js" path="/home/hp/Public/microverse/Module 2/Projects/Individual/todo-list/modules/removeTask.js">
      <metrics statements="7" coveredstatements="7" conditionals="0" coveredconditionals="0" methods="2" coveredmethods="2"/>
      <line num="4" count="1" type="stmt"/>
      <line num="5" count="1" type="stmt"/>
      <line num="8" count="1" type="stmt"/>
      <line num="11" count="1" type="stmt"/>
      <line num="14" count="1" type="stmt"/>
      <line num="17" count="1" type="stmt"/>
      <line num="20" count="1" type="stmt"/>
    </file>
  </project>
</coverage>
