{"/home/hp/Public/microverse/Module 2/Projects/Individual/todo-list/modules/ToDoList.js": {"path":"/home/hp/Public/microverse/Module 2/Projects/Individual/todo-list/modules/ToDoList.js","statementMap":{"0":{"start":{"line":6,"column":4},"end":{"line":6,"column":23}},"1":{"start":{"line":7,"column":4},"end":{"line":7,"column":35}},"2":{"start":{"line":8,"column":4},"end":{"line":8,"column":31}},"3":{"start":{"line":13,"column":21},"end":{"line":13,"column":45}},"4":{"start":{"line":14,"column":4},"end":{"line":14,"column":20}},"5":{"start":{"line":15,"column":4},"end":{"line":15,"column":22}},"6":{"start":{"line":20,"column":4},"end":{"line":20,"column":42}},"7":{"start":{"line":25,"column":4},"end":{"line":27,"column":11}},"8":{"start":{"line":32,"column":21},"end":{"line":32,"column":32}},"9":{"start":{"line":33,"column":4},"end":{"line":35,"column":5}},"10":{"start":{"line":33,"column":17},"end":{"line":33,"column":18}},"11":{"start":{"line":34,"column":6},"end":{"line":34,"column":28}},"12":{"start":{"line":36,"column":4},"end":{"line":36,"column":16}},"13":{"start":{"line":41,"column":4},"end":{"line":41,"column":47}},"14":{"start":{"line":44,"column":4},"end":{"line":44,"column":45}}},"fnMap":{"0":{"name":"(anonymous_0)","decl":{"start":{"line":5,"column":2},"end":{"line":5,"column":3}},"loc":{"start":{"line":5,"column":62},"end":{"line":9,"column":3}},"line":5},"1":{"name":"(anonymous_1)","decl":{"start":{"line":12,"column":2},"end":{"line":12,"column":3}},"loc":{"start":{"line":12,"column":24},"end":{"line":16,"column":3}},"line":12},"2":{"name":"(anonymous_2)","decl":{"start":{"line":19,"column":2},"end":{"line":19,"column":3}},"loc":{"start":{"line":19,"column":25},"end":{"line":21,"column":3}},"line":19},"3":{"name":"(anonymous_3)","decl":{"start":{"line":24,"column":2},"end":{"line":24,"column":3}},"loc":{"start":{"line":24,"column":24},"end":{"line":28,"column":3}},"line":24},"4":{"name":"(anonymous_4)","decl":{"start":{"line":31,"column":2},"end":{"line":31,"column":3}},"loc":{"start":{"line":31,"column":32},"end":{"line":37,"column":3}},"line":31},"5":{"name":"(anonymous_5)","decl":{"start":{"line":40,"column":2},"end":{"line":40,"column":3}},"loc":{"start":{"line":40,"column":47},"end":{"line":45,"column":3}},"line":40}},"branchMap":{"0":{"loc":{"start":{"line":5,"column":14},"end":{"line":5,"column":23}},"type":"default-arg","locations":[{"start":{"line":5,"column":22},"end":{"line":5,"column":23}}],"line":5},"1":{"loc":{"start":{"line":5,"column":25},"end":{"line":5,"column":41}},"type":"default-arg","locations":[{"start":{"line":5,"column":39},"end":{"line":5,"column":41}}],"line":5},"2":{"loc":{"start":{"line":5,"column":43},"end":{"line":5,"column":60}},"type":"default-arg","locations":[{"start":{"line":5,"column":55},"end":{"line":5,"column":60}}],"line":5},"3":{"loc":{"start":{"line":25,"column":11},"end":{"line":27,"column":10}},"type":"cond-expr","locations":[{"start":{"line":26,"column":8},"end":{"line":26,"column":49}},{"start":{"line":27,"column":8},"end":{"line":27,"column":10}}],"line":25},"4":{"loc":{"start":{"line":40,"column":34},"end":{"line":40,"column":45}},"type":"default-arg","locations":[{"start":{"line":40,"column":38},"end":{"line":40,"column":45}}],"line":40}},"s":{"0":0,"1":0,"2":0,"3":0,"4":0,"5":0,"6":0,"7":4,"8":1,"9":1,"10":1,"11":0,"12":1,"13":2,"14":2},"f":{"0":0,"1":0,"2":0,"3":4,"4":1,"5":2},"b":{"0":[0],"1":[0],"2":[0],"3":[3,1],"4":[2]},"_coverageSchema":"1a1c01bbd47fc00a2c39e90264f33305004495a9","hash":"69dbb431fdefa2eeac1a2731f6f497cccd1fd3f7"}
,"/home/hp/Public/microverse/Module 2/Projects/Individual/todo-list/modules/addTask.js": {"path":"/home/hp/Public/microverse/Module 2/Projects/Individual/todo-list/modules/addTask.js","statementMap":{"0":{"start":{"line":3,"column":16},"end":{"line":10,"column":1}},"1":{"start":{"line":5,"column":16},"end":{"line":5,"column":39}},"2":{"start":{"line":7,"column":2},"end":{"line":7,"column":22}},"3":{"start":{"line":9,"column":2},"end":{"line":9,"column":40}}},"fnMap":{"0":{"name":"(anonymous_0)","decl":{"start":{"line":3,"column":16},"end":{"line":3,"column":17}},"loc":{"start":{"line":3,"column":29},"end":{"line":10,"column":1}},"line":3}},"branchMap":{},"s":{"0":1,"1":1,"2":1,"3":1},"f":{"0":1},"b":{},"_coverageSchema":"1a1c01bbd47fc00a2c39e90264f33305004495a9","hash":"b3b29e67e1e7625b745a775a760cf6d775d996ce"}
,"/home/hp/Public/microverse/Module 2/Projects/Individual/todo-list/modules/displayToDOList.js": {"path":"/home/hp/Public/microverse/Module 2/Projects/Individual/todo-list/modules/displayToDOList.js","statementMap":{"0":{"start":{"line":2,"column":22},"end":{"line":42,"column":13}},"1":{"start":{"line":4,"column":16},"end":{"line":40,"column":9}},"2":{"start":{"line":44,"column":2},"end":{"line":44,"column":76}}},"fnMap":{"0":{"name":"displayToDOList","decl":{"start":{"line":1,"column":24},"end":{"line":1,"column":39}},"loc":{"start":{"line":1,"column":50},"end":{"line":45,"column":1}},"line":1},"1":{"name":"(anonymous_1)","decl":{"start":{"line":4,"column":6},"end":{"line":4,"column":7}},"loc":{"start":{"line":4,"column":16},"end":{"line":40,"column":9}},"line":4}},"branchMap":{"0":{"loc":{"start":{"line":11,"column":8},"end":{"line":11,"column":39}},"type":"cond-expr","locations":[{"start":{"line":11,"column":25},"end":{"line":11,"column":34}},{"start":{"line":11,"column":37},"end":{"line":11,"column":39}}],"line":11},"1":{"loc":{"start":{"line":13,"column":20},"end":{"line":13,"column":53}},"type":"cond-expr","locations":[{"start":{"line":13,"column":37},"end":{"line":13,"column":48}},{"start":{"line":13,"column":51},"end":{"line":13,"column":53}}],"line":13}},"s":{"0":3,"1":1,"2":3},"f":{"0":3,"1":1},"b":{"0":[0,1],"1":[0,1]},"_coverageSchema":"1a1c01bbd47fc00a2c39e90264f33305004495a9","hash":"fd44bdeafa8a2155abe28d1ad3a8a581a511ed6a"}
,"/home/hp/Public/microverse/Module 2/Projects/Individual/todo-list/modules/removeTask.js": {"path":"/home/hp/Public/microverse/Module 2/Projects/Individual/todo-list/modules/removeTask.js","statementMap":{"0":{"start":{"line":4,"column":19},"end":{"line":21,"column":1}},"1":{"start":{"line":5,"column":16},"end":{"line":5,"column":39}},"2":{"start":{"line":8,"column":30},"end":{"line":8,"column":74}},"3":{"start":{"line":8,"column":53},"end":{"line":8,"column":73}},"4":{"start":{"line":11,"column":22},"end":{"line":11,"column":68}},"5":{"start":{"line":14,"column":2},"end":{"line":14,"column":46}},"6":{"start":{"line":17,"column":2},"end":{"line":17,"column":31}},"7":{"start":{"line":20,"column":2},"end":{"line":20,"column":58}}},"fnMap":{"0":{"name":"(anonymous_0)","decl":{"start":{"line":4,"column":19},"end":{"line":4,"column":20}},"loc":{"start":{"line":4,"column":30},"end":{"line":21,"column":1}},"line":4},"1":{"name":"(anonymous_1)","decl":{"start":{"line":8,"column":43},"end":{"line":8,"column":44}},"loc":{"start":{"line":8,"column":53},"end":{"line":8,"column":73}},"line":8}},"branchMap":{},"s":{"0":1,"1":1,"2":1,"3":1,"4":1,"5":1,"6":1,"7":1},"f":{"0":1,"1":1},"b":{},"_coverageSchema":"1a1c01bbd47fc00a2c39e90264f33305004495a9","hash":"b2a18a6631efd001811c1292e089955f393fa33e"}
}
